<?xml version="1.0" encoding="UTF-8"?>
<!-- Generated by org.testng.reporters.JUnitReportReporter -->
<testsuite name="Datadriven.Annotations" tests="2" time="0.031" ignored="0" failures="0" timestamp="05 Mar 2017 18:40:26 GMT" skipped="0" hostname="sumanth" errors="0">
  <testcase name="OpeningBrowser" time="0.008" classname="Datadriven.Annotations"/>
  <testcase name="OpeningBrowser" time="0.023" classname="Datadriven.Annotations"/>
</testsuite> <!-- Datadriven.Annotations -->
