<?xml version="1.0" encoding="UTF-8"?>
<!-- Generated by org.testng.reporters.JUnitReportReporter -->
<testsuite name="TestNGfiles.DependencyAnnotation" tests="3" time="0.038" ignored="0" failures="0" timestamp="03 Feb 2017 19:48:26 GMT" skipped="0" hostname="sumanth" errors="0">
  <testcase name="OpeningBrowser" time="0.004" classname="TestNGfiles.DependencyAnnotation"/>
  <testcase name="FlightTicketBooking" time="0.011" classname="TestNGfiles.DependencyAnnotation"/>
  <testcase name="Payment" time="0.023" classname="TestNGfiles.DependencyAnnotation"/>
</testsuite> <!-- TestNGfiles.DependencyAnnotation -->
