<?xml version="1.0" encoding="UTF-8"?>
<!-- Generated by org.testng.reporters.JUnitReportReporter -->
<testsuite name="Test2.DependencyAnnotation" tests="3" time="0.029" ignored="0" failures="0" timestamp="03 Feb 2017 20:08:51 GMT" skipped="0" hostname="sumanth" errors="0">
  <testcase name="OpeningBrowser" time="0.003" classname="Test2.DependencyAnnotation"/>
  <testcase name="FlightTicketBooking" time="0.005" classname="Test2.DependencyAnnotation"/>
  <testcase name="Payment" time="0.021" classname="Test2.DependencyAnnotation"/>
</testsuite> <!-- Test2.DependencyAnnotation -->
