<?xml version="1.0" encoding="UTF-8"?>
<!-- Generated by org.testng.reporters.JUnitReportReporter -->
<testsuite name="Test2.Annotations" tests="2" time="0.028" ignored="0" failures="0" timestamp="03 Feb 2017 20:08:51 GMT" skipped="0" hostname="sumanth" errors="0">
  <testcase name="OpeningBrowser" time="0.016" classname="Test2.Annotations"/>
  <testcase name="TicketBooking" time="0.012" classname="Test2.Annotations"/>
</testsuite> <!-- Test2.Annotations -->
